Log file open, 12/04/18 15:11:14
LogWindows: Failed to load 'aqProf.dll' (GetLastError=126)
LogWindows: File 'aqProf.dll' does not exist
LogWindows: Failed to load 'VSPerf140.dll' (GetLastError=126)
LogWindows: File 'VSPerf140.dll' does not exist
LogWindows: Failed to load 'VtuneApi.dll' (GetLastError=126)
LogWindows: File 'VtuneApi.dll' does not exist
LogWindows: Failed to load 'VtuneApi32e.dll' (GetLastError=126)
LogWindows: File 'VtuneApi32e.dll' does not exist
LogInit: Display: Running engine for game: UnrealProject4
LogPlatformFile: Not using cached read wrapper
LogTaskGraph: Started task graph with 5 named threads and 23 total threads with 3 sets of task threads.
LogStats: Stats thread started at 0.461984
LogD3D11RHI: Loaded GFSDK_Aftermath_Lib.x64.dll
LogICUInternationalization: Display: ICU TimeZone Detection - Raw Offset: -5:00, Platform Override: ''
LogPluginManager: Mounting plugin Paper2D
LogPluginManager: Mounting plugin AISupport
LogPluginManager: Mounting plugin LightPropagationVolume
LogPluginManager: Mounting plugin CLionSourceCodeAccess
LogPluginManager: Mounting plugin CodeLiteSourceCodeAccess
LogPluginManager: Mounting plugin GitSourceControl
LogPluginManager: Mounting plugin KDevelopSourceCodeAccess
LogPluginManager: Mounting plugin NullSourceCodeAccess
LogPluginManager: Mounting plugin PerforceSourceControl
LogPluginManager: Mounting plugin SubversionSourceControl
LogPluginManager: Mounting plugin UObjectPlugin
LogPluginManager: Mounting plugin VisualStudioCodeSourceCodeAccess
LogPluginManager: Mounting plugin VisualStudioSourceCodeAccess
LogPluginManager: Mounting plugin XCodeSourceCodeAccess
LogPluginManager: Mounting plugin AssetManagerEditor
LogPluginManager: Mounting plugin CryptoKeys
LogPluginManager: Mounting plugin DataValidation
LogPluginManager: Mounting plugin FacialAnimation
LogPluginManager: Mounting plugin GameplayTagsEditor
LogPluginManager: Mounting plugin MacGraphicsSwitching
LogPluginManager: Mounting plugin MeshEditor
LogPluginManager: Mounting plugin MobileLauncherProfileWizard
LogPluginManager: Mounting plugin PluginBrowser
LogPluginManager: Mounting plugin SpeedTreeImporter
LogPluginManager: Mounting plugin DatasmithContent
LogPluginManager: Mounting plugin AlembicImporter
LogPluginManager: Mounting plugin AppleImageUtils
LogPluginManager: Mounting plugin AppleVision
LogPluginManager: Mounting plugin BackChannel
LogPluginManager: Mounting plugin CharacterAI
LogPluginManager: Mounting plugin GeometryCache
LogPluginManager: Mounting plugin HTML5Networking
LogPluginManager: Mounting plugin ProxyLODPlugin
LogPluginManager: Mounting plugin MagicLeap
LogPluginManager: Mounting plugin MagicLeapEmulator
LogPluginManager: Mounting plugin MagicLeapMedia
LogPluginManager: Mounting plugin AndroidMedia
LogPluginManager: Mounting plugin AvfMedia
LogPluginManager: Mounting plugin ImgMedia
LogPluginManager: Mounting plugin LinearTimecode
LogPluginManager: Mounting plugin MediaCompositing
LogPluginManager: Mounting plugin MediaPlayerEditor
LogPluginManager: Mounting plugin WmfMedia
LogPluginManager: Mounting plugin TcpMessaging
LogPluginManager: Mounting plugin UdpMessaging
LogPluginManager: Mounting plugin ActorSequence
LogPluginManager: Mounting plugin LevelSequenceEditor
LogPluginManager: Mounting plugin MatineeToLevelSequence
LogPluginManager: Mounting plugin NetcodeUnitTest
LogPluginManager: Mounting plugin NUTUnrealEngine4
LogPluginManager: Mounting plugin OnlineSubsystemGooglePlay
LogPluginManager: Mounting plugin OnlineSubsystemIOS
LogPluginManager: Mounting plugin OnlineSubsystem
LogPluginManager: Mounting plugin OnlineSubsystemNull
LogPluginManager: Mounting plugin OnlineSubsystemUtils
LogPluginManager: Mounting plugin LauncherChunkInstaller
LogPluginManager: Mounting plugin AndroidDeviceProfileSelector
LogPluginManager: Mounting plugin AndroidMoviePlayer
LogPluginManager: Mounting plugin AndroidPermission
LogPluginManager: Mounting plugin AppleMoviePlayer
LogPluginManager: Mounting plugin ArchVisCharacter
LogPluginManager: Mounting plugin AudioCapture
LogPluginManager: Mounting plugin CableComponent
LogPluginManager: Mounting plugin CustomMeshComponent
LogPluginManager: Mounting plugin EditableMesh
LogPluginManager: Mounting plugin ExampleDeviceProfileSelector
LogPluginManager: Mounting plugin GoogleCloudMessaging
LogPluginManager: Mounting plugin ImmediatePhysics
LogPluginManager: Mounting plugin IOSDeviceProfileSelector
LogPluginManager: Mounting plugin LinuxDeviceProfileSelector
LogPluginManager: Mounting plugin LocationServicesBPLibrary
LogPluginManager: Mounting plugin MobilePatchingUtils
LogPluginManager: Mounting plugin OculusVR
LogPluginManager: Plugin shader directory ../../../Engine/Plugins/Runtime/Oculus/OculusVR/Shaders found
LogPluginManager: Mapping shader source directory ../../../Engine/Plugins/Runtime/Oculus/OculusVR/Shaders to virtual directory /Plugin/OculusVR
LogPluginManager: Mounting plugin PhysXVehicles
LogPluginManager: Mounting plugin ProceduralMeshComponent
LogPluginManager: Mounting plugin RuntimePhysXCooking
LogPluginManager: Mounting plugin SteamVR
LogPluginManager: Mounting plugin WindowsMoviePlayer
LogStreaming: Display: Took  0.303s to configure plugins.
LogInit: Using libcurl 7.55.1-DEV
LogInit:  - built for x86_64-pc-win32
LogInit:  - supports SSL with OpenSSL/1.0.2h
LogInit:  - supports HTTP deflate (compression) using libz 1.2.8
LogInit:  - other features:
LogInit:      CURL_VERSION_SSL
LogInit:      CURL_VERSION_LIBZ
LogInit:      CURL_VERSION_IPV6
LogInit:      CURL_VERSION_ASYNCHDNS
LogInit:      CURL_VERSION_LARGEFILE
LogInit:      CURL_VERSION_IDN
LogInit:  CurlRequestOptions (configurable via config and command line):
LogInit:  - bVerifyPeer = false  - Libcurl will NOT verify peer certificate
LogInit:  - bUseHttpProxy = false  - Libcurl will NOT use HTTP proxy
LogInit:  - bDontReuseConnections = false  - Libcurl will reuse connections
LogInit:  - CertBundlePath = nullptr  - Libcurl will use whatever was configured at build time.
LogInit:  - MaxHostConnections = 16  - Libcurl will limit the number of connections to a host
LogInit:  - LocalHostAddr = Default
LogInit:  - BufferSize = 65536
LogInit: WinSock: version 1.1 (2.2), MaxSocks=32767, MaxUdp=65467
LogInit: Build: ++UE4+Release-4.20-CL-4369336
LogInit: Engine Version: 4.20.3-4369336+++UE4+Release-4.20
LogInit: Compatible Engine Version: 4.20.0-4212847+++UE4+Release-4.20
LogInit: Net CL: 4212847
LogInit: OS: Windows 10 (), CPU: Intel(R) Core(TM) i7-7700HQ CPU @ 2.80GHz, GPU: Intel(R) HD Graphics 630
LogInit: Compiled (64-bit): Sep 17 2018 12:26:19
LogInit: Compiled with Visual C++: 19.13.26129.00
LogInit: Build Configuration: Development
LogInit: Branch Name: ++UE4+Release-4.20
LogInit: Command Line: 
LogInit: Base Directory: C:/Program Files/Epic Games/UE_4.20/Engine/Binaries/Win64/
LogInit: Installed Engine Build: 1
LogDevObjectVersion: Number of dev versions registered: 20
LogDevObjectVersion:   Dev-Blueprints (B0D832E4-1F89-4F0D-ACCF-7EB736FD4AA2): 10
LogDevObjectVersion:   Dev-Build (E1C64328-A22C-4D53-A36C-8E866417BD8C): 0
LogDevObjectVersion:   Dev-Core (375EC13C-06E4-48FB-B500-84F0262A717E): 2
LogDevObjectVersion:   Dev-Editor (E4B068ED-F494-42E9-A231-DA0B2E46BB41): 24
LogDevObjectVersion:   Dev-Framework (CFFC743F-43B0-4480-9391-14DF171D2073): 34
LogDevObjectVersion:   Dev-Mobile (B02B49B5-BB20-44E9-A304-32B752E40360): 2
LogDevObjectVersion:   Dev-Networking (A4E4105C-59A1-49B5-A7C5-40C4547EDFEE): 0
LogDevObjectVersion:   Dev-Online (39C831C9-5AE6-47DC-9A44-9C173E1C8E7C): 0
LogDevObjectVersion:   Dev-Physics (78F01B33-EBEA-4F98-B9B4-84EACCB95AA2): 0
LogDevObjectVersion:   Dev-Platform (6631380F-2D4D-43E0-8009-CF276956A95A): 0
LogDevObjectVersion:   Dev-Rendering (12F88B9F-8875-4AFC-A67C-D90C383ABD29): 26
LogDevObjectVersion:   Dev-Sequencer (7B5AE74C-D270-4C10-A958-57980B212A5A): 9
LogDevObjectVersion:   Dev-VR (D7296918-1DD6-4BDD-9DE2-64A83CC13884): 2
LogDevObjectVersion:   Dev-LoadTimes (C2A15278-BFE7-4AFE-6C17-90FF531DF755): 1
LogDevObjectVersion:   Private-Geometry (6EACA3D4-40EC-4CC1-B786-8BED09428FC5): 3
LogDevObjectVersion:   Dev-AnimPhys (29E575DD-E0A3-4627-9D10-D276232CDCEA): 17
LogDevObjectVersion:   Dev-ReflectionCapture (6B266CEC-1EC7-4B8F-A30B-E4D90942FC07): 1
LogDevObjectVersion:   Dev-Automation (0DF73D61-A23F-47EA-B727-89E90C41499A): 1
LogDevObjectVersion:   FortniteMain (601D1886-AC64-4F84-AA16-D3DE0DEAC7D6): 12
LogDevObjectVersion:   Dev-Enterprise (9DFFBCD6-494F-0158-E221-12823C92A888): 1
LogStreaming: Display: Took  0.001s to delete old logs.
LogInit: Presizing for max 8388607 objects, including 0 objects not considered by GC, pre-allocating 0 bytes for permanent pool.
LogInit: Object subsystem initialized
[2018.12.04-20.11.16:009][  0]LogInit: Selected Device Profile: [Windows]
[2018.12.04-20.11.16:009][  0]LogInit: Applying CVar settings loaded from the selected device profile: [Windows]
[2018.12.04-20.11.16:071][  0]LogHAL: Display: Platform has ~ 16 GB [17053577216 / 17179869184 / 16], which maps to Larger [LargestMinGB=32, LargerMinGB=12, DefaultMinGB=8, SmallerMinGB=6, SmallestMinGB=0)
[2018.12.04-20.11.16:071][  0]LogInit: Setting Device Profile CVar: [[r.Vulkan.UseRealUBs:1]]
[2018.12.04-20.11.16:071][  0]LogInit: Going up to parent DeviceProfile []
[2018.12.04-20.11.16:087][  0]LogInit: Computer: UNIT
[2018.12.04-20.11.16:087][  0]LogInit: User: jmanf
[2018.12.04-20.11.16:087][  0]LogInit: CPU Page size=4096, Cores=4
[2018.12.04-20.11.16:087][  0]LogInit: High frequency timer resolution =2.742190 MHz
[2018.12.04-20.11.16:088][  0]LogMemory: Memory total: Physical=15.9GB (16GB approx)
[2018.12.04-20.11.16:088][  0]LogMemory: Platform Memory Stats for Windows
[2018.12.04-20.11.16:088][  0]LogMemory: Process Physical Memory: 99.00 MB used, 99.00 MB peak
[2018.12.04-20.11.16:088][  0]LogMemory: Process Virtual Memory: 82.79 MB used, 82.79 MB peak
[2018.12.04-20.11.16:088][  0]LogMemory: Physical Memory: 7194.03 MB used,  9069.53 MB free, 16263.56 MB total
[2018.12.04-20.11.16:088][  0]LogMemory: Virtual Memory: 4632.13 MB used,  9069.53 MB free, 134217728.00 MB total
[2018.12.04-20.11.16:504][  0]LogInit: Using OS detected language (en-US).
[2018.12.04-20.11.16:504][  0]LogInit: Using OS detected locale (en-US).
[2018.12.04-20.11.16:506][  0]LogTextLocalizationManager: No specific localization for 'en-US' exists, so the 'en' localization will be used.
[2018.12.04-20.11.17:544][  0]LogStreaming: Display: Took  1.039s to InitEngineTextLocalization.
[2018.12.04-20.11.17:544][  0]LogInit: Setting process to per monitor DPI aware
[2018.12.04-20.11.17:678][  0]LogSlate: New Slate User Created.  User Index 0, Is Virtual User: 0
[2018.12.04-20.11.17:678][  0]LogSlate: Slate User Registered.  User Index 0, Is Virtual User: 0
[2018.12.04-20.11.24:685][  0]LogHMD: Failed to initialize OpenVR with code 110
[2018.12.04-20.11.24:685][  0]LogD3D11RHI: D3D11 adapters:
[2018.12.04-20.11.24:799][  0]LogD3D11RHI:    0. 'NVIDIA GeForce GTX 1060' (Feature Level 11_0)
[2018.12.04-20.11.24:799][  0]LogD3D11RHI:       6081/0/8131 MB DedicatedVideo/DedicatedSystem/SharedSystem, Outputs:1, VendorId:0x10de
[2018.12.04-20.11.24:835][  0]LogD3D11RHI:    1. 'Intel(R) HD Graphics 630' (Feature Level 11_0)
[2018.12.04-20.11.24:835][  0]LogD3D11RHI:       128/0/8131 MB DedicatedVideo/DedicatedSystem/SharedSystem, Outputs:0, VendorId:0x8086
[2018.12.04-20.11.24:840][  0]LogD3D11RHI:    2. 'Microsoft Basic Render Driver' (Feature Level 11_0)
[2018.12.04-20.11.24:840][  0]LogD3D11RHI:       0/0/8131 MB DedicatedVideo/DedicatedSystem/SharedSystem, Outputs:0, VendorId:0x1414
[2018.12.04-20.11.24:840][  0]LogD3D11RHI: Chosen D3D11 Adapter: 0
[2018.12.04-20.11.24:908][  0]LogD3D11RHI: Creating new Direct3DDevice
[2018.12.04-20.11.24:908][  0]LogD3D11RHI:     GPU DeviceId: 0x1c20 (for the marketing name, search the web for "GPU Device Id")
[2018.12.04-20.11.24:908][  0]LogWindows: EnumDisplayDevices:
[2018.12.04-20.11.24:908][  0]LogWindows:    0. 'Intel(R) HD Graphics 630' (P:1 D:1)
[2018.12.04-20.11.24:909][  0]LogWindows:    1. 'Intel(R) HD Graphics 630' (P:0 D:0)
[2018.12.04-20.11.24:910][  0]LogWindows:    2. 'Intel(R) HD Graphics 630' (P:0 D:0)
[2018.12.04-20.11.24:911][  0]LogWindows:    3. 'NVIDIA GeForce GTX 1060' (P:0 D:0)
[2018.12.04-20.11.24:912][  0]LogWindows:    4. 'NVIDIA GeForce GTX 1060' (P:0 D:0)
[2018.12.04-20.11.24:913][  0]LogWindows:    5. 'NVIDIA GeForce GTX 1060' (P:0 D:0)
[2018.12.04-20.11.24:913][  0]LogWindows:    6. 'NVIDIA GeForce GTX 1060' (P:0 D:0)
[2018.12.04-20.11.24:914][  0]LogWindows: DebugString: PrimaryIsNotTheChoosenAdapter PrimaryIsNotTheChoosenAdapter PrimaryIsNotTheChoosenAdapter FoundDriverCount:4 
[2018.12.04-20.11.24:914][  0]LogD3D11RHI:     Adapter Name: NVIDIA GeForce GTX 1060
[2018.12.04-20.11.24:914][  0]LogD3D11RHI:   Driver Version: 382.66 (internal:22.21.13.8266, unified:382.66)
[2018.12.04-20.11.24:914][  0]LogD3D11RHI:      Driver Date: 6-25-2017
[2018.12.04-20.11.24:914][  0]LogRHI: Texture pool is 4256 MB (70% of 6081 MB)
[2018.12.04-20.11.24:978][  0]LogD3D11RHI: Async texture creation enabled
[2018.12.04-20.11.24:998][  0]LogD3D11RHI: GPU Timing Frequency: 1000.000000 (Debug: 2 1)
[2018.12.04-20.11.25:003][  0]LogShaderCompilers: Guid format shader working directory is -33 characters bigger than the processId version (../../../../../../Users/jmanf/Documents/Github/GameDev1Project4/UnrealProject4/Intermediate/Shaders/WorkingDirectory/20264/).
[2018.12.04-20.11.25:003][  0]LogShaderCompilers: Cleaned the shader compiler working directory 'C:/Users/jmanf/AppData/Local/Temp/UnrealShaderWorkingDir/807A381D46885DFF51390BB4EFA4A6C9/'.
[2018.12.04-20.11.25:817][  0]LogTemp: Display: Loaded TP AllDesktopTargetPlatform
[2018.12.04-20.11.25:850][  0]LogTemp: Display: Loaded TP MacClientTargetPlatform
[2018.12.04-20.11.25:884][  0]LogTemp: Display: Loaded TP MacNoEditorTargetPlatform
[2018.12.04-20.11.25:918][  0]LogTemp: Display: Loaded TP MacServerTargetPlatform
[2018.12.04-20.11.25:969][  0]LogTemp: Display: Loaded TP MacTargetPlatform
[2018.12.04-20.11.26:004][  0]LogTemp: Display: Loaded TP WindowsClientTargetPlatform
[2018.12.04-20.11.26:039][  0]LogTemp: Display: Loaded TP WindowsNoEditorTargetPlatform
[2018.12.04-20.11.26:082][  0]LogTemp: Display: Loaded TP WindowsServerTargetPlatform
[2018.12.04-20.11.26:100][  0]LogTemp: Display: Loaded TP WindowsTargetPlatform
[2018.12.04-20.11.26:319][  0]LogTemp: Display: Loaded TP AndroidTargetPlatform
[2018.12.04-20.11.26:319][  0]LogTemp: Display: Loaded TP AndroidTargetPlatform
[2018.12.04-20.11.26:319][  0]LogTemp: Display: Loaded TP AndroidTargetPlatform
[2018.12.04-20.11.26:319][  0]LogTemp: Display: Loaded TP AndroidTargetPlatform
[2018.12.04-20.11.26:319][  0]LogTemp: Display: Loaded TP AndroidTargetPlatform
[2018.12.04-20.11.26:319][  0]LogTemp: Display: Loaded TP AndroidTargetPlatform
[2018.12.04-20.11.26:319][  0]LogTemp: Display: Loaded TP AndroidTargetPlatform
[2018.12.04-20.11.26:320][  0]LogTemp: Display: Loaded TP AndroidTargetPlatform
[2018.12.04-20.11.26:320][  0]LogTemp: Display: Loaded TP AndroidTargetPlatform
[2018.12.04-20.11.26:320][  0]LogTemp: Display: Loaded TP AndroidTargetPlatform
[2018.12.04-20.11.26:320][  0]LogTemp: Display: Loaded TP AndroidTargetPlatform
[2018.12.04-20.11.26:320][  0]LogTemp: Display: Loaded TP AndroidTargetPlatform
[2018.12.04-20.11.26:320][  0]LogTemp: Display: Loaded TP AndroidTargetPlatform
[2018.12.04-20.11.26:320][  0]LogTemp: Display: Loaded TP AndroidTargetPlatform
[2018.12.04-20.11.26:320][  0]LogTemp: Display: Loaded TP AndroidTargetPlatform
[2018.12.04-20.11.26:320][  0]LogTemp: Display: Loaded TP AndroidTargetPlatform
[2018.12.04-20.11.26:320][  0]LogTemp: Display: Loaded TP AndroidTargetPlatform
[2018.12.04-20.11.26:320][  0]LogTemp: Display: Loaded TP AndroidTargetPlatform
[2018.12.04-20.11.26:323][  0]LogTemp: Display: Loaded TP HTML5TargetPlatform
[2018.12.04-20.11.26:448][  0]LogTemp: Display: Loaded TP IOSTargetPlatform
[2018.12.04-20.11.26:448][  0]LogTemp: Display: Loaded TP IOSTargetPlatform
[2018.12.04-20.11.26:506][  0]LogTemp: Display: Loaded TP TVOSTargetPlatform
[2018.12.04-20.11.26:506][  0]LogTemp: Display: Loaded TP TVOSTargetPlatform
[2018.12.04-20.11.26:541][  0]LogTemp: Display: Loaded TP LinuxClientTargetPlatform
[2018.12.04-20.11.26:571][  0]LogTemp: Display: Loaded TP LinuxNoEditorTargetPlatform
[2018.12.04-20.11.26:601][  0]LogTemp: Display: Loaded TP LinuxServerTargetPlatform
[2018.12.04-20.11.26:655][  0]LogTemp: Display: Loaded TP LinuxTargetPlatform
[2018.12.04-20.11.26:678][  0]LogTemp: Display: Loaded TP LuminTargetPlatform
[2018.12.04-20.11.26:678][  0]LogTargetPlatformManager: Display: Building Assets For Windows
[2018.12.04-20.11.26:910][  0]LogXGEController: Cannot use XGE Controller as Incredibuild is not installed on this machine.
[2018.12.04-20.11.26:911][  0]LogShaderCompilers: Cannot use XGE Shader Compiler as Incredibuild is not installed on this machine.
[2018.12.04-20.11.26:911][  0]LogShaderCompilers: Display: Using Local Shader Compiler.
[2018.12.04-20.11.31:892][  0]LogDerivedDataCache: Display: Max Cache Size: 512 MB
[2018.12.04-20.11.32:034][  0]LogDerivedDataCache: Loaded boot cache 0.14s 87MB C:/Users/jmanf/AppData/Local/UnrealEngine/4.20/DerivedDataCache/Boot.ddc.
[2018.12.04-20.11.32:035][  0]LogDerivedDataCache: Display: Loaded Boot cache: C:/Users/jmanf/AppData/Local/UnrealEngine/4.20/DerivedDataCache/Boot.ddc
[2018.12.04-20.11.32:035][  0]LogDerivedDataCache: FDerivedDataBackendGraph:  Pak pak cache file ../../../../../../Users/jmanf/Documents/Github/GameDev1Project4/UnrealProject4/DerivedDataCache/DDC.ddp not found, will not use a pak cache.
[2018.12.04-20.11.32:035][  0]LogDerivedDataCache: Unable to find inner node Pak for hierarchical cache Hierarchy.
[2018.12.04-20.11.32:035][  0]LogDerivedDataCache: FDerivedDataBackendGraph:  CompressedPak pak cache file ../../../../../../Users/jmanf/Documents/Github/GameDev1Project4/UnrealProject4/DerivedDataCache/Compressed.ddp not found, will not use a pak cache.
[2018.12.04-20.11.32:035][  0]LogDerivedDataCache: Unable to find inner node CompressedPak for hierarchical cache Hierarchy.
[2018.12.04-20.11.32:081][  0]LogDerivedDataCache: Display: Pak cache opened for reading ../../../Engine/DerivedDataCache/Compressed.ddp.
[2018.12.04-20.11.32:095][  0]LogDerivedDataCache: Using Local data cache path C:/Users/jmanf/AppData/Local/UnrealEngine/Common/DerivedDataCache: Writable
[2018.12.04-20.11.32:095][  0]LogDerivedDataCache: Shared data cache path not found in *engine.ini, will not use an Shared cache.
[2018.12.04-20.11.32:095][  0]LogDerivedDataCache: Unable to find inner node Shared for hierarchical cache Hierarchy.
[2018.12.04-20.11.32:135][  0]LogMaterial: Verifying Global Shaders for PCD3D_SM5
[2018.12.04-20.11.32:138][  0]LogSlate: Using FreeType 2.6.0
[2018.12.04-20.11.32:174][  0]LogSlate: SlateFontServices - WITH_FREETYPE: 1, WITH_HARFBUZZ: 1
[2018.12.04-20.11.32:646][  0]LogAssetRegistry: FAssetRegistry took 0.0331 seconds to start up
[2018.12.04-20.11.33:444][  0]LogInit: Selected Device Profile: [Windows]
[2018.12.04-20.11.34:045][  0]LogSimplygon: Simplygon DLL not present - disabling.
[2018.12.04-20.11.34:057][  0]LogMeshReduction: Using SimplygonSwarm for distributed automatic mesh merging
[2018.12.04-20.11.34:057][  0]LogMeshReduction: Using ProxyLODMeshReduction for automatic mesh merging
[2018.12.04-20.11.34:057][  0]LogMeshReduction: Using QuadricMeshReduction for automatic static mesh reduction
[2018.12.04-20.11.34:057][  0]LogMeshReduction: No automatic skeletal mesh reduction module available
[2018.12.04-20.11.34:146][  0]LogNetVersion: UnrealProject4 1.0.0, NetCL: 4212847, EngineNetVer: 5, GameNetVer: 0 (Checksum: 2267479826)
[2018.12.04-20.11.36:768][  0]LogPackageLocalizationCache: Processed 11 localized package path(s) for 2 prioritized culture(s) in 0.281260 seconds
[2018.12.04-20.11.36:782][  0]LogUObjectArray: 38425 objects as part of root set at end of initial load.
[2018.12.04-20.11.36:782][  0]LogUObjectAllocator: 6690864 out of 0 bytes used by permanent object pool.
[2018.12.04-20.11.36:782][  0]LogUObjectArray: CloseDisregardForGC: 0/0 objects in disregard for GC pool
[2018.12.04-20.11.43:069][  0]LogTcpMessaging: Initializing TcpMessaging bridge
[2018.12.04-20.11.43:085][  0]LogUdpMessaging: Initializing bridge on interface 0.0.0.0:0 to multicast group 230.0.0.1:6666.
[2018.12.04-20.11.43:515][  0]SourceControl: Source control is disabled
[2018.12.04-20.11.43:515][  0]SourceControl: Source control is disabled
[2018.12.04-20.11.43:519][  0]SourceControl: Source control is disabled
[2018.12.04-20.11.43:522][  0]SourceControl: Source control is disabled
[2018.12.04-20.11.43:864][  0]LogAndroidPermission: UAndroidPermissionCallbackProxy::GetInstance
[2018.12.04-20.11.44:140][  0]LogOcInput: OculusInput pre-init called
[2018.12.04-20.11.44:291][  0]LogEngine: Initializing Engine...
[2018.12.04-20.11.44:293][  0]LogHMD: Failed to initialize OpenVR with code 110
[2018.12.04-20.11.44:295][  0]LogStats: UGameplayTagsManager::ConstructGameplayTagTree: ImportINI prefixes -  0.000 s
[2018.12.04-20.11.44:295][  0]LogStats: UGameplayTagsManager::ConstructGameplayTagTree: Construct from data asset -  0.000 s
[2018.12.04-20.11.44:296][  0]LogStats: UGameplayTagsManager::ConstructGameplayTagTree: ImportINI -  0.000 s
[2018.12.04-20.11.44:296][  0]LogStats: UGameplayTagsManager::ConstructGameplayTagTree: GameplayTagTreeChangedEvent.Broadcast -  0.000 s
[2018.12.04-20.11.44:835][  0]LogInit: Initializing FReadOnlyCVARCache
[2018.12.04-20.11.44:871][  0]LogAIModule: Creating AISystem for world Untitled
[2018.12.04-20.11.44:926][  0]LogInit: XAudio2 using 'Speakers (Realtek High Definition Audio)' : 2 channels at 48 kHz using 32 bits per sample (channel mask 0x3)
[2018.12.04-20.11.45:058][  0]LogInit: FAudioDevice initialized.
[2018.12.04-20.11.45:058][  0]LogNetVersion: Set ProjectVersion to 1.0.0.0. Version Checksum will be recalculated on next use.
[2018.12.04-20.11.45:190][  0]LogDerivedDataCache: Saved boot cache 0.13s 71MB C:/Users/jmanf/AppData/Local/UnrealEngine/4.20/DerivedDataCache/Boot.ddc.
[2018.12.04-20.11.45:234][  0]LogInit: Texture streaming: Enabled
[2018.12.04-20.11.45:281][  0]LogEngineSessionManager: EngineSessionManager initialized
[2018.12.04-20.11.45:327][  0]LogInit: Transaction tracking system initialized
[2018.12.04-20.11.45:397][  0]BlueprintLog: New page: Editor Load
[2018.12.04-20.11.45:660][  0]LocalizationService: Localization service is disabled
[2018.12.04-20.11.46:358][  0]LogCook: Display: Max memory allowance for cook 16384mb min free memory 0mb
[2018.12.04-20.11.46:359][  0]LogCook: Display: Mobile HDR setting 1
[2018.12.04-20.11.46:359][  0]LogGameplayTags: Display: UGameplayTagsManager::DoneAddingNativeTags. DelegateIsBound: 0
[2018.12.04-20.11.46:359][  0]LogStats: UGameplayTagsManager::ConstructGameplayTagTree: ImportINI prefixes -  0.000 s
[2018.12.04-20.11.46:359][  0]LogStats: UGameplayTagsManager::ConstructGameplayTagTree: Construct from data asset -  0.000 s
[2018.12.04-20.11.46:360][  0]LogStats: UGameplayTagsManager::ConstructGameplayTagTree: ImportINI -  0.000 s
[2018.12.04-20.11.46:360][  0]LogStats: UGameplayTagsManager::ConstructGameplayTagTree: GameplayTagTreeChangedEvent.Broadcast -  0.000 s
[2018.12.04-20.11.46:381][  0]LogFileCache: Scanning file cache for directory 'C:/Users/jmanf/Documents/Github/GameDev1Project4/UnrealProject4/Content/' took 0.03s
[2018.12.04-20.11.46:807][  0]SourceControl: Source control is disabled
[2018.12.04-20.11.46:808][  0]Cmd: MAP LOAD FILE="../../../Engine/Content/Maps/Templates/Template_Default.umap" TEMPLATE=1 SHOWPROGRESS=1 FEATURELEVEL=3
[2018.12.04-20.11.46:819][  0]LightingResults: New page: Lighting Build
[2018.12.04-20.11.46:827][  0]MapCheck: New page: Map Check
[2018.12.04-20.11.46:827][  0]LightingResults: New page: Lighting Build
[2018.12.04-20.11.47:402][  0]LogAIModule: Creating AISystem for world Untitled_1
[2018.12.04-20.11.47:420][  0]LogEditorServer: Finished looking for orphan Actors (0.000 secs)
[2018.12.04-20.11.47:480][  0]Cmd: MAP CHECKDEP NOCLEARLOG
[2018.12.04-20.11.47:661][  0]MapCheck: Map check complete: 0 Error(s), 0 Warning(s), took 180.856ms to complete.
[2018.12.04-20.11.47:662][  0]LogFileHelpers: Loading map 'Template_Default' took 0.854
[2018.12.04-20.11.47:889][  0]LogSlate: Updating window title bar state: overlay mode, drag disabled, window buttons hidden, title bar hidden
[2018.12.04-20.11.47:907][  0]LogSlate: Updating window title bar state: overlay mode, drag disabled, window buttons hidden, title bar hidden
[2018.12.04-20.11.47:924][  0]LogSlate: Updating window title bar state: overlay mode, drag disabled, window buttons hidden, title bar hidden
[2018.12.04-20.11.47:941][  0]LogSlate: Updating window title bar state: overlay mode, drag disabled, window buttons hidden, title bar hidden
[2018.12.04-20.11.47:977][  0]LogCollectionManager: Loaded 0 collections in 0.005508 seconds
[2018.12.04-20.11.48:056][  0]LogFileCache: Scanning file cache for directory 'C:/Users/jmanf/Documents/Github/GameDev1Project4/UnrealProject4/Saved/Collections/' took 0.01s
[2018.12.04-20.11.48:056][  0]LogFileCache: Scanning file cache for directory 'C:/Users/jmanf/Documents/Github/GameDev1Project4/UnrealProject4/Content/Developers/jmanf/Collections/' took 0.01s
[2018.12.04-20.11.48:056][  0]LogFileCache: Scanning file cache for directory 'C:/Users/jmanf/Documents/Github/GameDev1Project4/UnrealProject4/Content/Collections/' took 0.01s
[2018.12.04-20.11.48:056][  0]LogCollectionManager: Rebuilt the GUID cache for 0 collections in 0.000001 seconds
[2018.12.04-20.11.48:083][  0]LogContentBrowser: Native class hierarchy populated in 0.0241 seconds. Added 2572 classes and 603 folders.
[2018.12.04-20.11.48:112][  0]LogContentBrowser: Native class hierarchy updated for 'WidgetCarousel' in 0.0010 seconds. Added 0 classes and 0 folders.
[2018.12.04-20.11.49:173][  0]LogContentBrowser: Native class hierarchy updated for 'AddContentDialog' in 0.0006 seconds. Added 0 classes and 0 folders.
[2018.12.04-20.11.49:197][  0]LogContentBrowser: Native class hierarchy updated for 'SceneOutliner' in 0.0005 seconds. Added 1 classes and 2 folders.
[2018.12.04-20.11.49:307][  0]LogSlate: Took 0.015573 seconds to synchronously load lazily loaded font '../../../Engine/Content/Slate/Fonts/Roboto-Regular.ttf' (155K)
[2018.12.04-20.11.49:322][  0]LogSlate: Took 0.010481 seconds to synchronously load lazily loaded font '../../../Engine/Content/Slate/Fonts/Roboto-Bold.ttf' (160K)
[2018.12.04-20.11.49:354][  0]LogSlate: Took 0.017446 seconds to synchronously load lazily loaded font '../../../Engine/Content/Editor/Slate/Fonts/FontAwesome.ttf' (139K)
[2018.12.04-20.11.49:655][  0]LogRenderer: Reallocating scene render targets to support 1208x580 Format 10 NumSamples 1 (Frame:1).
[2018.12.04-20.11.49:923][  0]LogSlate: FSceneViewport::OnFocusLost() reason 2
[2018.12.04-20.11.50:038][  0]LogSlate: Window 'Tutorials' being destroyed
[2018.12.04-20.11.50:102][  0]LogContentBrowser: Native class hierarchy updated for 'HierarchicalLODOutliner' in 0.0005 seconds. Added 0 classes and 0 folders.
[2018.12.04-20.11.50:102][  0]LogLoad: (Engine Initialization) Total time: 41.11 seconds
[2018.12.04-20.11.50:102][  0]LogLoad: (Engine Initialization) Total Blueprint compile time: 0.00 seconds
[2018.12.04-20.11.50:167][  0]LogContentStreaming: Texture pool size now 1000 MB
[2018.12.04-20.11.55:274][266]LogSlate: FSceneViewport::OnFocusLost() reason 0
[2018.12.04-20.11.57:612][442]LogAssetRegistry: Asset discovery search completed in 24.9896 seconds
[2018.12.04-20.11.57:619][442]LogCollectionManager: Rebuilt the object cache for 0 collections in 0.000000 seconds (found 0 objects)
[2018.12.04-20.11.57:619][442]LogCollectionManager: Fixed up redirectors for 0 collections in 0.000168 seconds (updated 0 objects)
[2018.12.04-20.11.59:966][614]LogSlate: Window 'Tutorials' being destroyed
[2018.12.04-20.13.46:722][ 48]LogTemp: Repeating last play command: Selected Viewport
[2018.12.04-20.13.46:740][ 48]LogPlayLevel: PlayLevel: No blueprints needed recompiling
[2018.12.04-20.13.46:758][ 48]PIE: New page: PIE session: Untitled_1 (Dec 4, 2018, 10:13:46 AM)
[2018.12.04-20.13.46:758][ 48]LogPlayLevel: Creating play world package: /Temp/UEDPIE_0_Untitled_1
[2018.12.04-20.13.46:765][ 48]LogPlayLevel: PIE: StaticDuplicateObject took: (0.006968s)
[2018.12.04-20.13.46:767][ 48]LogAIModule: Creating AISystem for world Untitled_1
[2018.12.04-20.13.46:767][ 48]LogPlayLevel: PIE: World Init took: (0.001708s)
[2018.12.04-20.13.46:767][ 48]LogPlayLevel: PIE: Created PIE world by copying editor world from /Temp/Untitled_1.Untitled_1 to /Temp/UEDPIE_0_Untitled_1.Untitled_1 (0.009073s)
[2018.12.04-20.13.46:853][ 48]LogInit: XAudio2 using 'Speakers (Realtek High Definition Audio)' : 2 channels at 48 kHz using 32 bits per sample (channel mask 0x3)
[2018.12.04-20.13.46:891][ 48]LogInit: FAudioDevice initialized.
[2018.12.04-20.13.46:947][ 48]LogLoad: Game class is 'GameModeBase'
[2018.12.04-20.13.46:954][ 48]LogWorld: Bringing World /Temp/UEDPIE_0_Untitled_1.Untitled_1 up for play (max tick rate 0) at 2018.12.04-15.13.46
[2018.12.04-20.13.46:954][ 48]LogWorld: Bringing up level for play took: 0.001404
[2018.12.04-20.13.46:988][ 48]LogContentBrowser: Native class hierarchy updated for 'MovieSceneCapture' in 0.0006 seconds. Added 10 classes and 0 folders.
[2018.12.04-20.13.46:991][ 48]PIE: Play in editor start time for /Temp/UEDPIE_0_Untitled_1 -0.531
[2018.12.04-20.13.51:241][450]LogSlate: Updating window title bar state: overlay mode, drag disabled, window buttons hidden, title bar hidden
[2018.12.04-20.13.51:282][450]LogPlayLevel: Display: Shutting down PIE online subsystems
[2018.12.04-20.13.51:338][450]LogSlate: Updating window title bar state: overlay mode, drag disabled, window buttons hidden, title bar hidden
[2018.12.04-20.13.51:370][451]LogPlayLevel: Display: Destroying online subsystem :Context_1
[2018.12.04-20.13.54:885][780]LogSlate: FSceneViewport::OnFocusLost() reason 0
[2018.12.04-20.14.07:660][870]LogSlate: Took 0.012142 seconds to synchronously load lazily loaded font '../../../Engine/Content/Slate/Fonts/Roboto-Light.ttf' (167K)
[2018.12.04-20.14.15:290][621]LogSlate: Took 0.000390 seconds to synchronously load lazily loaded font '../../../Engine/Content/Slate/Fonts/Roboto-Light.ttf' (167K)
[2018.12.04-20.14.15:307][621]LogAssetEditorManager: Opening Asset editor for World /Game/JordanLevel.JordanLevel
[2018.12.04-20.14.19:924][621]LogSlate: Window 'Save Content' being destroyed
[2018.12.04-20.14.20:158][621]Cmd: OBJ SAVEPACKAGE PACKAGE="/Game/JordanLevel" FILE="../../../../../../Users/jmanf/Documents/Github/GameDev1Project4/UnrealProject4/Content/JordanLevel.umap" SILENT=true AUTOSAVING=false KEEPDIRTY=false
[2018.12.04-20.14.20:243][621]LogSavePackage: Moving '../../../../../../Users/jmanf/Documents/Github/GameDev1Project4/UnrealProject4/Saved/JordanLevel90466C694813A6FEB5F3E4A036092B31.tmp' to '../../../../../../Users/jmanf/Documents/Github/GameDev1Project4/UnrealProject4/Content/JordanLevel.umap'
[2018.12.04-20.14.20:260][621]LogFileHelpers: Saving map 'JordanLevel' took 0.316
[2018.12.04-20.14.20:270][621]Cmd: MAP LOAD FILE="../../../../../../Users/jmanf/Documents/Github/GameDev1Project4/UnrealProject4/Content/JordanLevel.umap" TEMPLATE=0 SHOWPROGRESS=1 FEATURELEVEL=3
[2018.12.04-20.14.20:270][621]LightingResults: New page: Lighting Build
[2018.12.04-20.14.20:271][621]LoadErrors: New page: Loading map: JordanLevel.umap
[2018.12.04-20.14.20:272][621]MapCheck: New page: Map Check
[2018.12.04-20.14.20:272][621]LightingResults: New page: Lighting Build
[2018.12.04-20.14.20:329][621]LogEditorServer: Finished looking for orphan Actors (0.000 secs)
[2018.12.04-20.14.20:329][621]LogAIModule: Creating AISystem for world JordanLevel
[2018.12.04-20.14.20:417][621]Cmd: MAP CHECKDEP NOCLEARLOG
[2018.12.04-20.14.20:618][621]MapCheck: Map check complete: 0 Error(s), 0 Warning(s), took 200.112ms to complete.
[2018.12.04-20.14.20:620][621]LogFileHelpers: Loading map 'JordanLevel' took 0.353
[2018.12.04-20.15.13:598][763]LogSlate: FSceneViewport::OnFocusLost() reason 0
[2018.12.04-20.15.15:388][914]LogAssetEditorManager: Opening Asset editor for World /Game/JordanLevel.JordanLevel
[2018.12.04-20.15.15:444][914]Cmd: MAP LOAD FILE="../../../../../../Users/jmanf/Documents/Github/GameDev1Project4/UnrealProject4/Content/JordanLevel.umap" TEMPLATE=0 SHOWPROGRESS=1 FEATURELEVEL=3
[2018.12.04-20.15.15:444][914]LightingResults: New page: Lighting Build
[2018.12.04-20.15.15:446][914]LoadErrors: New page: Loading map: JordanLevel.umap
[2018.12.04-20.15.15:446][914]MapCheck: New page: Map Check
[2018.12.04-20.15.15:446][914]LightingResults: New page: Lighting Build
[2018.12.04-20.15.15:506][914]LogAIModule: Creating AISystem for world JordanLevel
[2018.12.04-20.15.15:508][914]LogEditorServer: Finished looking for orphan Actors (0.000 secs)
[2018.12.04-20.15.15:591][914]Cmd: MAP CHECKDEP NOCLEARLOG
[2018.12.04-20.15.15:796][914]MapCheck: Map check complete: 0 Error(s), 0 Warning(s), took 205.441ms to complete.
[2018.12.04-20.15.15:799][914]LogFileHelpers: Loading map 'JordanLevel' took 0.358
[2018.12.04-20.15.56:919][820]LogEditorViewport: Clicking Background
[2018.12.04-20.15.57:653][893]LogSlate: FSceneViewport::OnFocusLost() reason 2
[2018.12.04-20.16.43:469][374]LogSlate: FSceneViewport::OnFocusLost() reason 0
[2018.12.04-20.17.08:816][954]LogAssetEditorManager: Opening Asset editor for WidgetBlueprint /Game/UI/ScheduleBlueprint.ScheduleBlueprint
[2018.12.04-20.17.10:012][954]LogContentBrowser: Native class hierarchy updated for 'BlueprintGraph' in 0.0013 seconds. Added 116 classes and 0 folders.
[2018.12.04-20.17.12:021][954]LogSlate: Took 0.011497 seconds to synchronously load lazily loaded font '../../../Engine/Content/Slate/Fonts/Roboto-BoldCondensed.ttf' (158K)
[2018.12.04-20.17.20:774][243]LogMetaData: Removing '/Game/UI/ScheduleWidget.SKEL_ScheduleWidget_C' ref from Metadata '/Game/UI/ScheduleBlueprint.PackageMetaData'
[2018.12.04-20.17.20:774][243]LogMetaData: Removing '/Game/UI/ScheduleWidget.ScheduleWidget_C' ref from Metadata '/Game/UI/ScheduleBlueprint.PackageMetaData'
[2018.12.04-20.17.20:774][243]LogMetaData: Removing '/Game/UI/ScheduleWidget.ScheduleWidget:EventGraph.K2Node_Event_0' ref from Metadata '/Game/UI/ScheduleBlueprint.PackageMetaData'
[2018.12.04-20.17.20:774][243]LogMetaData: Removing '/Game/UI/ScheduleWidget.ScheduleWidget:EventGraph.K2Node_Event_1' ref from Metadata '/Game/UI/ScheduleBlueprint.PackageMetaData'
[2018.12.04-20.17.20:774][243]LogMetaData: Removing '/Game/UI/ScheduleWidget.ScheduleWidget:EventGraph.K2Node_Event_2' ref from Metadata '/Game/UI/ScheduleBlueprint.PackageMetaData'
[2018.12.04-20.17.20:835][243]Cmd: OBJ SAVEPACKAGE PACKAGE="/Game/UI/ScheduleWidget" FILE="../../../../../../Users/jmanf/Documents/Github/GameDev1Project4/UnrealProject4/Content/UI/ScheduleWidget.uasset" SILENT=true
[2018.12.04-20.17.20:863][243]LogSavePackage: Moving '../../../../../../Users/jmanf/Documents/Github/GameDev1Project4/UnrealProject4/Saved/ScheduleWidgetDA94051B4082A28B224FDF934A2EA8B5.tmp' to '../../../../../../Users/jmanf/Documents/Github/GameDev1Project4/UnrealProject4/Content/UI/ScheduleWidget.uasset'
[2018.12.04-20.17.24:557][375]LogSlate: Window 'ScheduleWidget' being destroyed
[2018.12.04-20.17.33:180][980]LogSlate: Window 'Tutorials' being destroyed
[2018.12.04-20.19.13:297][560]LogSlate: Took 0.041958 seconds to synchronously load lazily loaded font '../../../Engine/Content/Slate/Fonts/DroidSansFallback.ttf' (3848K)
[2018.12.04-20.20.42:028][547]LogSlate: Window 'Color Picker' being destroyed
[2018.12.04-20.23.14:647][321]LogEditorTransaction: Undo Move Widget
[2018.12.04-20.25.12:880][ 38]LogSlate: Window 'Color Picker' being destroyed
[2018.12.04-20.25.57:348][357]LogSavePackage: Moving '../../../../../../Users/jmanf/Documents/Github/GameDev1Project4/UnrealProject4/Saved/JordanLevel_Auto169FBD54043B4D45560B9BDB305B6C484.tmp' to '../../../../../../Users/jmanf/Documents/Github/GameDev1Project4/UnrealProject4/Saved/Autosaves/Game/JordanLevel_Auto1.umap'
[2018.12.04-20.25.57:364][357]LogFileHelpers: Editor autosave (incl. sublevels) for '/Game/JordanLevel' took 0.117
[2018.12.04-20.25.57:364][357]LogFileHelpers: Editor autosave (incl. sublevels) for all levels took 0.117
[2018.12.04-20.25.57:368][357]OBJ SavePackage: Generating thumbnails for [0] asset(s) in package [/Game/UI/ScheduleWidget] ([1] browsable assets)...
[2018.12.04-20.25.57:368][357]OBJ SavePackage: Finished generating thumbnails for package [/Game/UI/ScheduleWidget]
[2018.12.04-20.25.57:413][357]LogSavePackage: Moving '../../../../../../Users/jmanf/Documents/Github/GameDev1Project4/UnrealProject4/Saved/ScheduleWidget_Auto14E9F94E24BEC9E4A9F9701B798E109BE.tmp' to '../../../../../../Users/jmanf/Documents/Github/GameDev1Project4/UnrealProject4/Saved/Autosaves/Game/UI/ScheduleWidget_Auto1.uasset'
[2018.12.04-20.25.57:417][357]LogFileHelpers: Auto-saving content packages took 0.051
[2018.12.04-20.27.01:226][610]Cmd: OBJ SAVEPACKAGE PACKAGE="/Game/UI/ScheduleWidget" FILE="../../../../../../Users/jmanf/Documents/Github/GameDev1Project4/UnrealProject4/Content/UI/ScheduleWidget.uasset" SILENT=true
[2018.12.04-20.27.01:264][610]LogSavePackage: Moving '../../../../../../Users/jmanf/Documents/Github/GameDev1Project4/UnrealProject4/Saved/ScheduleWidget244BEE0E4CF05AE01C0A4097FB481490.tmp' to '../../../../../../Users/jmanf/Documents/Github/GameDev1Project4/UnrealProject4/Content/UI/ScheduleWidget.uasset'
[2018.12.04-20.27.06:919][ 48]Cmd: OBJ SAVEPACKAGE PACKAGE="/Game/JordanLevel" FILE="../../../../../../Users/jmanf/Documents/Github/GameDev1Project4/UnrealProject4/Content/JordanLevel.umap" SILENT=true AUTOSAVING=false KEEPDIRTY=false
[2018.12.04-20.27.07:016][ 48]LogSavePackage: Moving '../../../../../../Users/jmanf/Documents/Github/GameDev1Project4/UnrealProject4/Saved/JordanLevelDB24B27147639BC3EFE4CCA8C6E3EB5B.tmp' to '../../../../../../Users/jmanf/Documents/Github/GameDev1Project4/UnrealProject4/Content/JordanLevel.umap'
[2018.12.04-20.27.35:964][ 36]LogAssetEditorManager: Opening Asset editor for LevelScriptBlueprint /Game/JordanLevel.JordanLevel:PersistentLevel.JordanLevel
[2018.12.04-20.28.30:347][963]LogSlate: Took 0.011380 seconds to synchronously load lazily loaded font '../../../Engine/Content/Slate/Fonts/Roboto-BoldCondensedItalic.ttf' (160K)
[2018.12.04-20.28.32:632][193]LogSlate: Window 'Tutorials' being destroyed
[2018.12.04-20.30.32:460][ 11]LogClass: Warning: Property ListOfBuildings of ListOfBuildings has a struct type mismatch (tag Vector != prop ArrayOfSwitch) in package:  FObjectReader. If that struct got renamed, add an entry to ActiveStructRedirects.
[2018.12.04-20.31.22:528][560]LogClass: Warning: Type mismatch in ListOfBuildings of SKEL_JordanLevel_C - Previous (StructProperty) Current(ObjectProperty) for package:  FObjectReader
[2018.12.04-20.33.24:910][ 46]Cmd: OBJ SAVEPACKAGE PACKAGE="/Game/JordanLevel" FILE="../../../../../../Users/jmanf/Documents/Github/GameDev1Project4/UnrealProject4/Content/JordanLevel.umap" SILENT=true AUTOSAVING=false KEEPDIRTY=false
[2018.12.04-20.33.25:056][ 46]LogSavePackage: Moving '../../../../../../Users/jmanf/Documents/Github/GameDev1Project4/UnrealProject4/Saved/JordanLevel089EDC7C479A186B7E9CBE878893C49C.tmp' to '../../../../../../Users/jmanf/Documents/Github/GameDev1Project4/UnrealProject4/Content/JordanLevel.umap'
[2018.12.04-20.33.25:108][ 46]LogFileHelpers: Saving map 'JordanLevel' took 0.429
[2018.12.04-20.36.15:715][685]LogSlate: Window 'Change Variable Type' being destroyed
[2018.12.04-20.36.21:517][192]LogSlate: Window 'Find in Blueprints' being destroyed
[2018.12.04-20.36.21:525][192]LogSlate: Window 'Find in Blueprints' being destroyed
[2018.12.04-20.37.53:437][708]LogSlate: Took 0.018590 seconds to synchronously load lazily loaded font '../../../Engine/Content/Slate/Fonts/Roboto-Italic.ttf' (157K)
[2018.12.04-20.40.55:048][510]Cmd: OBJ SAVEPACKAGE PACKAGE="/Game/JordanLevel" FILE="../../../../../../Users/jmanf/Documents/Github/GameDev1Project4/UnrealProject4/Content/JordanLevel.umap" SILENT=true AUTOSAVING=false KEEPDIRTY=false
[2018.12.04-20.40.55:449][510]LogSavePackage: Moving '../../../../../../Users/jmanf/Documents/Github/GameDev1Project4/UnrealProject4/Saved/JordanLevel75C05ED44B89DB19FA456A97E6694323.tmp' to '../../../../../../Users/jmanf/Documents/Github/GameDev1Project4/UnrealProject4/Content/JordanLevel.umap'
[2018.12.04-20.40.55:506][510]LogFileHelpers: Saving map 'JordanLevel' took 0.680
[2018.12.04-20.41.41:248][598]Cmd: OBJ SAVEPACKAGE PACKAGE="/Game/JordanLevel" FILE="../../../../../../Users/jmanf/Documents/Github/GameDev1Project4/UnrealProject4/Content/JordanLevel.umap" SILENT=true AUTOSAVING=false KEEPDIRTY=false
[2018.12.04-20.41.41:645][598]LogSavePackage: Moving '../../../../../../Users/jmanf/Documents/Github/GameDev1Project4/UnrealProject4/Saved/JordanLevel8129443A48DAB5CFC7ABE6A46E8854E6.tmp' to '../../../../../../Users/jmanf/Documents/Github/GameDev1Project4/UnrealProject4/Content/JordanLevel.umap'
[2018.12.04-20.41.41:696][598]LogFileHelpers: Saving map 'JordanLevel' took 0.663
[2018.12.04-20.42.15:528][564]LogAssetEditorManager: Opening Asset editor for UserDefinedStruct /Game/UI/BuildingDescriptionStruct.BuildingDescriptionStruct
[2018.12.04-20.44.11:031][442]LogSavePackage: Moving '../../../../../../Users/jmanf/Documents/Github/GameDev1Project4/UnrealProject4/Saved/BuildingDescriptionStruct0783AF814BD33D8A954D20952B2C7E8C.tmp' to '../../../../../../Users/jmanf/Documents/Github/GameDev1Project4/UnrealProject4/Content/UI/BuildingDescriptionStruct.uasset'
[2018.12.04-20.44.21:612][937]LogSlate: Window 'Change Variable Type' being destroyed
[2018.12.04-20.44.30:801][476]LogSlate: Window 'Find in Blueprints' being destroyed
[2018.12.04-20.44.30:813][476]LogSlate: Window 'Find in Blueprints' being destroyed
[2018.12.04-20.46.42:600][222]Cmd: OBJ SAVEPACKAGE PACKAGE="/Game/JordanLevel" FILE="../../../../../../Users/jmanf/Documents/Github/GameDev1Project4/UnrealProject4/Content/JordanLevel.umap" SILENT=true AUTOSAVING=false KEEPDIRTY=false
[2018.12.04-20.46.43:004][222]LogSavePackage: Moving '../../../../../../Users/jmanf/Documents/Github/GameDev1Project4/UnrealProject4/Saved/JordanLevel95223A0146A89046648B3CBA8687E74D.tmp' to '../../../../../../Users/jmanf/Documents/Github/GameDev1Project4/UnrealProject4/Content/JordanLevel.umap'
[2018.12.04-20.46.43:054][222]LogFileHelpers: Saving map 'JordanLevel' took 0.682
[2018.12.04-20.47.44:793][376]Cmd: OBJ SAVEPACKAGE PACKAGE="/Game/JordanLevel" FILE="../../../../../../Users/jmanf/Documents/Github/GameDev1Project4/UnrealProject4/Content/JordanLevel.umap" SILENT=true AUTOSAVING=false KEEPDIRTY=false
[2018.12.04-20.47.45:172][376]LogSavePackage: Moving '../../../../../../Users/jmanf/Documents/Github/GameDev1Project4/UnrealProject4/Saved/JordanLevel1EC856464D601021A59A10BA432487BF.tmp' to '../../../../../../Users/jmanf/Documents/Github/GameDev1Project4/UnrealProject4/Content/JordanLevel.umap'
[2018.12.04-20.47.45:222][376]LogFileHelpers: Saving map 'JordanLevel' took 0.648
[2018.12.04-22.09.30:699][336]LogD3D11RHI: Timed out while waiting for GPU to catch up. (500 ms)
[2018.12.04-22.09.32:364][338]LogHttp: Warning: 0000025882966480: request failed, libcurl error: 6 (Couldn't resolve host name)
[2018.12.04-22.09.32:365][338]LogHttp: Warning: 0000025882966480: libcurl info message cache 0 (Connection 21 seems to be dead!)
[2018.12.04-22.09.32:365][338]LogHttp: Warning: 0000025882966480: libcurl info message cache 1 (Closing connection 21)
[2018.12.04-22.09.32:365][338]LogHttp: Warning: 0000025882966480: libcurl info message cache 2 (Could not resolve host: datarouter.ol.epicgames.com)
[2018.12.04-22.09.32:365][338]LogHttp: Warning: 0000025882966480: libcurl info message cache 3 (Closing connection 22)
[2018.12.04-22.12.28:693][ 90]LogSavePackage: Moving '../../../../../../Users/jmanf/Documents/Github/GameDev1Project4/UnrealProject4/Saved/JordanLevel_Auto285AD8E0847376F82F93D3EA4E3B58F80.tmp' to '../../../../../../Users/jmanf/Documents/Github/GameDev1Project4/UnrealProject4/Saved/Autosaves/Game/JordanLevel_Auto2.umap'
[2018.12.04-22.12.28:702][ 90]LogFileHelpers: Editor autosave (incl. sublevels) for '/Game/JordanLevel' took 0.205
[2018.12.04-22.12.28:702][ 90]LogFileHelpers: Editor autosave (incl. sublevels) for all levels took 0.205
[2018.12.04-22.14.59:692][895]Cmd: OBJ SAVEPACKAGE PACKAGE="/Game/JordanLevel" FILE="../../../../../../Users/jmanf/Documents/Github/GameDev1Project4/UnrealProject4/Content/JordanLevel.umap" SILENT=true AUTOSAVING=false KEEPDIRTY=false
[2018.12.04-22.14.59:879][895]LogSavePackage: Moving '../../../../../../Users/jmanf/Documents/Github/GameDev1Project4/UnrealProject4/Saved/JordanLevel9E03DB7643924CB70C1B508B0EC4AEB9.tmp' to '../../../../../../Users/jmanf/Documents/Github/GameDev1Project4/UnrealProject4/Content/JordanLevel.umap'
[2018.12.04-22.14.59:904][895]LogFileHelpers: Saving map 'JordanLevel' took 0.322
[2018.12.04-22.15.02:028][129]BlueprintLog: New page: Compile JordanLevel
[2018.12.04-22.15.33:731][883]LogSavePackage: Moving '../../../../../../Users/jmanf/Documents/Github/GameDev1Project4/UnrealProject4/Saved/BuildingDescriptionStructCA71BFC34C331E42B1AAE1AD0C4E7941.tmp' to '../../../../../../Users/jmanf/Documents/Github/GameDev1Project4/UnrealProject4/Content/UI/BuildingDescriptionStruct.uasset'
[2018.12.04-22.16.38:579][ 15]LogAssetEditorManager: Opening Asset editor for UserDefinedStruct /Game/UI/Schedule.Schedule
[2018.12.04-22.18.21:325][310]Cmd: OBJ SAVEPACKAGE PACKAGE="/Game/UI/Schedule" FILE="../../../../../../Users/jmanf/Documents/Github/GameDev1Project4/UnrealProject4/Content/UI/Schedule.uasset" SILENT=true
[2018.12.04-22.18.21:339][310]LogSavePackage: Moving '../../../../../../Users/jmanf/Documents/Github/GameDev1Project4/UnrealProject4/Saved/Schedule633B19DB43629440F8DA918B90218A07.tmp' to '../../../../../../Users/jmanf/Documents/Github/GameDev1Project4/UnrealProject4/Content/UI/Schedule.uasset'
[2018.12.04-22.20.48:180][947]LogAssetEditorManager: Opening Asset editor for UserDefinedStruct /Game/UI/ClassStruct.ClassStruct
[2018.12.04-22.21.46:683][444]Cmd: OBJ SAVEPACKAGE PACKAGE="/Game/UI/ClassStruct" FILE="../../../../../../Users/jmanf/Documents/Github/GameDev1Project4/UnrealProject4/Content/UI/ClassStruct.uasset" SILENT=true
[2018.12.04-22.21.46:696][444]LogSavePackage: Moving '../../../../../../Users/jmanf/Documents/Github/GameDev1Project4/UnrealProject4/Saved/ClassStruct17E8BF214F1FF8C2269FEA997D3CE397.tmp' to '../../../../../../Users/jmanf/Documents/Github/GameDev1Project4/UnrealProject4/Content/UI/ClassStruct.uasset'
[2018.12.04-22.21.50:096][647]Cmd: OBJ SAVEPACKAGE PACKAGE="/Game/UI/ClassStruct" FILE="../../../../../../Users/jmanf/Documents/Github/GameDev1Project4/UnrealProject4/Content/UI/ClassStruct.uasset" SILENT=true
[2018.12.04-22.21.50:110][647]LogSavePackage: Moving '../../../../../../Users/jmanf/Documents/Github/GameDev1Project4/UnrealProject4/Saved/ClassStruct9C1274F646768C5DA7A58AB5A309EE06.tmp' to '../../../../../../Users/jmanf/Documents/Github/GameDev1Project4/UnrealProject4/Content/UI/ClassStruct.uasset'
[2018.12.04-22.22.08:112][726]Cmd: OBJ SAVEPACKAGE PACKAGE="/Game/UI/ClassStruct" FILE="../../../../../../Users/jmanf/Documents/Github/GameDev1Project4/UnrealProject4/Content/UI/ClassStruct.uasset" SILENT=true
[2018.12.04-22.22.08:123][726]LogSavePackage: Moving '../../../../../../Users/jmanf/Documents/Github/GameDev1Project4/UnrealProject4/Saved/ClassStruct50D25A1044B47146CF8DB2902BB456E2.tmp' to '../../../../../../Users/jmanf/Documents/Github/GameDev1Project4/UnrealProject4/Content/UI/ClassStruct.uasset'
[2018.12.04-22.22.27:419][880]Cmd: OBJ SAVEPACKAGE PACKAGE="/Game/UI/Schedule" FILE="../../../../../../Users/jmanf/Documents/Github/GameDev1Project4/UnrealProject4/Content/UI/Schedule.uasset" SILENT=true
[2018.12.04-22.22.27:434][880]LogSavePackage: Moving '../../../../../../Users/jmanf/Documents/Github/GameDev1Project4/UnrealProject4/Saved/Schedule4FD2789F4E22DD9C73D799A495429CAC.tmp' to '../../../../../../Users/jmanf/Documents/Github/GameDev1Project4/UnrealProject4/Content/UI/Schedule.uasset'
[2018.12.04-22.23.08:514][344]LogSlateStyle: Warning: Unable to find Slate Widget Style 'ToolBar.Check'. Using FCheckBoxStyle defaults instead.
[2018.12.04-22.23.08:514][344]LogSlateStyle: Warning: Unable to find Slate Widget Style 'ToolBar.Check'. Using FCheckBoxStyle defaults instead.
[2018.12.04-22.23.08:516][344]LogSlateStyle: Warning: Unable to find Slate Widget Style 'ToolBar.Check'. Using FCheckBoxStyle defaults instead.
[2018.12.04-22.23.08:516][344]LogSlateStyle: Warning: Unable to find Slate Widget Style 'ToolBar.Check'. Using FCheckBoxStyle defaults instead.
[2018.12.04-22.23.09:490][402]LogSlateStyle: Warning: Unable to find Slate Widget Style 'ToolBar.Check'. Using FCheckBoxStyle defaults instead.
[2018.12.04-22.23.09:490][402]LogSlateStyle: Warning: Unable to find Slate Widget Style 'ToolBar.Check'. Using FCheckBoxStyle defaults instead.
[2018.12.04-22.23.09:491][402]LogSlateStyle: Warning: Unable to find Slate Widget Style 'ToolBar.Check'. Using FCheckBoxStyle defaults instead.
[2018.12.04-22.23.09:492][402]LogSlateStyle: Warning: Unable to find Slate Widget Style 'ToolBar.Check'. Using FCheckBoxStyle defaults instead.
[2018.12.04-22.23.10:458][460]LogSlateStyle: Warning: Unable to find Slate Widget Style 'ToolBar.Check'. Using FCheckBoxStyle defaults instead.
[2018.12.04-22.23.10:458][460]LogSlateStyle: Warning: Unable to find Slate Widget Style 'ToolBar.Check'. Using FCheckBoxStyle defaults instead.
[2018.12.04-22.23.10:458][460]LogSlateStyle: Warning: Unable to find Slate Widget Style 'ToolBar.Check'. Using FCheckBoxStyle defaults instead.
[2018.12.04-22.23.10:458][460]LogSlateStyle: Warning: Unable to find Slate Widget Style 'ToolBar.Check'. Using FCheckBoxStyle defaults instead.
[2018.12.04-22.23.10:458][460]LogSlateStyle: Warning: Unable to find Slate Widget Style 'ToolBar.Check'. Using FCheckBoxStyle defaults instead.
[2018.12.04-22.23.10:458][460]LogSlateStyle: Warning: Unable to find Slate Widget Style 'ToolBar.Check'. Using FCheckBoxStyle defaults instead.
[2018.12.04-22.23.10:459][460]LogSlateStyle: Warning: Unable to find Slate Widget Style 'ToolBar.Check'. Using FCheckBoxStyle defaults instead.
[2018.12.04-22.23.10:459][460]LogSlateStyle: Warning: Unable to find Slate Widget Style 'ToolBar.Check'. Using FCheckBoxStyle defaults instead.
[2018.12.04-22.23.10:459][460]LogSlateStyle: Warning: Unable to find Slate Widget Style 'ToolBar.Check'. Using FCheckBoxStyle defaults instead.
[2018.12.04-22.23.10:459][460]LogSlateStyle: Warning: Unable to find Slate Widget Style 'ToolBar.Check'. Using FCheckBoxStyle defaults instead.
[2018.12.04-22.23.12:007][553]LogSlateStyle: Warning: Unable to find Slate Widget Style 'ToolBar.Check'. Using FCheckBoxStyle defaults instead.
[2018.12.04-22.23.12:007][553]LogSlateStyle: Warning: Unable to find Slate Widget Style 'ToolBar.Check'. Using FCheckBoxStyle defaults instead.
[2018.12.04-22.23.12:008][553]LogSlateStyle: Warning: Unable to find Slate Widget Style 'ToolBar.Check'. Using FCheckBoxStyle defaults instead.
[2018.12.04-22.23.12:008][553]LogSlateStyle: Warning: Unable to find Slate Widget Style 'ToolBar.Check'. Using FCheckBoxStyle defaults instead.
[2018.12.04-22.23.12:008][553]LogSlateStyle: Warning: Unable to find Slate Widget Style 'ToolBar.Check'. Using FCheckBoxStyle defaults instead.
[2018.12.04-22.23.12:008][553]LogSlateStyle: Warning: Unable to find Slate Widget Style 'ToolBar.Check'. Using FCheckBoxStyle defaults instead.
[2018.12.04-22.23.12:008][553]LogSlateStyle: Warning: Unable to find Slate Widget Style 'ToolBar.Check'. Using FCheckBoxStyle defaults instead.
[2018.12.04-22.23.12:008][553]LogSlateStyle: Warning: Unable to find Slate Widget Style 'ToolBar.Check'. Using FCheckBoxStyle defaults instead.
[2018.12.04-22.24.49:490][388]Cmd: OBJ SAVEPACKAGE PACKAGE="/Game/JordanLevel" FILE="../../../../../../Users/jmanf/Documents/Github/GameDev1Project4/UnrealProject4/Content/JordanLevel.umap" SILENT=true AUTOSAVING=false KEEPDIRTY=false
[2018.12.04-22.24.49:688][388]LogSavePackage: Moving '../../../../../../Users/jmanf/Documents/Github/GameDev1Project4/UnrealProject4/Saved/JordanLevelF71F2DD0468607BE9999CEA7B2468670.tmp' to '../../../../../../Users/jmanf/Documents/Github/GameDev1Project4/UnrealProject4/Content/JordanLevel.umap'
[2018.12.04-22.24.49:711][388]LogFileHelpers: Saving map 'JordanLevel' took 0.316
[2018.12.04-22.27.53:275][379]LogClass: Warning: Property Schedule of Schedule has a struct type mismatch (tag BuildingDescriptionStruct != prop Schedule) in package:  FObjectReader. If that struct got renamed, add an entry to ActiveStructRedirects.
